2018-01-13 23:00:42 +0000  Initial pipeline context: <IDEDistributionProcessingPipelineContext: 0x7ff54ed58cd0; archive(resolved)='<IDEArchive: 0x7ff550dcee30>', distributionTask(resolved)='2', distributionMethod(resolved)='<IDEDistributionMethodiOSAppStoreExport: 0x7ff54e83f340>', team(resolved)='<IDEProvisioningBasicTeam 0x7ff574da2dd0: teamID: 8YFLG57N86, teamName: Shanxi Huacheng Zhonghui Information Technology Co., Ltd.>'>
	Chain (11, self inclusive):
	<IDEDistributionProcessingPipelineContext: 0x7ff54ed58cd0; archive = '<IDEArchive: 0x7ff550dcee30>', distributionMethod='<IDEDistributionMethodiOSAppStoreExport: 0x7ff54e83f340>', team='<IDEProvisioningBasicTeam 0x7ff574da2dd0: teamID: 8YFLG57N86, teamName: Shanxi Huacheng Zhonghui Information Technology Co., Ltd.>'>
	<IDEDistributionProcessingPipelineContext: 0x7ff54b948120; archive = '<IDEArchive: 0x7ff550dcee30>', distributionMethod='<IDEDistributionMethodiOSAppStoreExport: 0x7ff54e83f340>', team='<IDEProvisioningBasicTeam 0x7ff574da2dd0: teamID: 8YFLG57N86, teamName: Shanxi Huacheng Zhonghui Information Technology Co., Ltd.>'>
	<IDEDistributionContext: 0x7ff54e9c6840; archive = '<IDEArchive: 0x7ff550dcee30>', distributionMethod='<IDEDistributionMethodiOSAppStoreExport: 0x7ff54e83f340>', team='<IDEProvisioningBasicTeam 0x7ff574da2dd0: teamID: 8YFLG57N86, teamName: Shanxi Huacheng Zhonghui Information Technology Co., Ltd.>'>
	<IDEDistributionContext: 0x7ff54ef10950; archive = '<IDEArchive: 0x7ff550dcee30>', distributionMethod='<IDEDistributionMethodiOSAppStoreExport: 0x7ff54e83f340>', team='<IDEProvisioningBasicTeam 0x7ff574da2dd0: teamID: 8YFLG57N86, teamName: Shanxi Huacheng Zhonghui Information Technology Co., Ltd.>'>
	<IDEDistributionContext: 0x7ff54c5d6e50; archive = '<IDEArchive: 0x7ff550dcee30>', distributionMethod='<IDEDistributionMethodiOSAppStoreExport: 0x7ff54e83f340>', team='<IDEProvisioningBasicTeam 0x7ff574da2dd0: teamID: 8YFLG57N86, teamName: Shanxi Huacheng Zhonghui Information Technology Co., Ltd.>'>
	<IDEDistributionContext: 0x7ff550d17510; archive = '<IDEArchive: 0x7ff550dcee30>', distributionMethod='<IDEDistributionMethodiOSAppStoreExport: 0x7ff54e83f340>', team='<IDEProvisioningBasicTeam 0x7ff574da2dd0: teamID: 8YFLG57N86, teamName: Shanxi Huacheng Zhonghui Information Technology Co., Ltd.>'>
	<IDEDistributionContext: 0x7ff56f2cb570; archive = '<IDEArchive: 0x7ff550dcee30>', distributionMethod='<IDEDistributionMethodiOSAppStoreExport: 0x7ff54e83f340>', team='<IDEProvisioningBasicTeam 0x7ff574da2dd0: teamID: 8YFLG57N86, teamName: Shanxi Huacheng Zhonghui Information Technology Co., Ltd.>'>
	<IDEDistributionContext: 0x7ff54eb08000; archive = '<IDEArchive: 0x7ff550dcee30>', distributionMethod='<IDEDistributionMethodiOSAppStoreExport: 0x7ff54e83f340>', team='<IDEProvisioningBasicTeam 0x7ff574da2dd0: teamID: 8YFLG57N86, teamName: Shanxi Huacheng Zhonghui Information Technology Co., Ltd.>'>
	<IDEDistributionContext: 0x7ff54d71a7e0; archive = '<IDEArchive: 0x7ff550dcee30>', distributionMethod='<IDEDistributionMethodiOSAppStoreExport: 0x7ff54e83f340>', team='<IDEProvisioningBasicTeam 0x7ff574da2dd0: teamID: 8YFLG57N86, teamName: Shanxi Huacheng Zhonghui Information Technology Co., Ltd.>'>
	<IDEDistributionContext: 0x7ff54dd16530; archive = '<IDEArchive: 0x7ff550dcee30>', distributionMethod='<IDEDistributionMethodiOSAppStoreExport: 0x7ff54e83f340>', team='(null)'>
	<IDEDistributionContext: 0x7ff54d5c4240; archive = '<IDEArchive: 0x7ff550dcee30>', distributionMethod='(null)', team='(null)'>
</IDEDistributionProcessingPipelineContext: 0x7ff54ed58cd0>
2018-01-13 23:00:42 +0000  Processing step: IDEDistributionCreateDestRootStep
2018-01-13 23:00:42 +0000  Processing step: IDEDistributionCopyItemStep
2018-01-13 23:00:42 +0000  Running /usr/bin/ditto '-V' '/Users/jinzhonghuasheng/Library/Developer/Xcode/Archives/2018-01-14/HuiShengHuo2.0 2018-1-14 上午7.00.xcarchive/Products/Applications/HuiShengHuo2.0.app' '/var/folders/9s/rqfvg2fd3jd2q0r93qpgw4yc0000gn/T/XcodeDistPipeline.DD8/Root/Payload/HuiShengHuo2.0.app'
2018-01-13 23:00:42 +0000  >>> Copying /Users/jinzhonghuasheng/Library/Developer/Xcode/Archives/2018-01-14/HuiShengHuo2.0 2018-1-14 上午7.00.xcarchive/Products/Applications/HuiShengHuo2.0.app 
2018-01-13 23:00:42 +0000  copying file ./_CodeSignature/CodeResources ... 
2018-01-13 23:00:42 +0000  12678 bytes for ./_CodeSignature/CodeResources
copying file ./AlipaySDK.bundle/bar@2x.png ... 
2018-01-13 23:00:42 +0000  1011 bytes for ./AlipaySDK.bundle/bar@2x.png
copying file ./AlipaySDK.bundle/refresh@2x.png ... 
605 bytes for ./AlipaySDK.bundle/refresh@2x.png
copying file ./AlipaySDK.bundle/refresh_click@2x.png ... 
1824 bytes for ./AlipaySDK.bundle/refresh_click@2x.png
copying file ./AlipaySDK.bundle/shutdown@2x.png ... 
2018-01-13 23:00:42 +0000  222 bytes for ./AlipaySDK.bundle/shutdown@2x.png
copying file ./AlipaySDK.bundle/shutdown_click@2x.png ... 
1319 bytes for ./AlipaySDK.bundle/shutdown_click@2x.png
copying file ./AppIcon40x40@2x.png ... 
5988 bytes for ./AppIcon40x40@2x.png
copying file ./AppIcon40x40@3x.png ... 
2018-01-13 23:00:42 +0000  7260 bytes for ./AppIcon40x40@3x.png
copying file ./AppIcon60x60@2x.png ... 
7260 bytes for ./AppIcon60x60@2x.png
copying file ./archived-expanded-entitlements.xcent ... 
303 bytes for ./archived-expanded-entitlements.xcent
2018-01-13 23:00:42 +0000  copying file ./Assets.car ... 
2018-01-13 23:00:42 +0000  2573000 bytes for ./Assets.car
2018-01-13 23:00:42 +0000  copying file ./Base.lproj/LaunchScreen.storyboardc/01J-lp-oVM-view-Ze5-6b-2t3.nib ... 
1984 bytes for ./Base.lproj/LaunchScreen.storyboardc/01J-lp-oVM-view-Ze5-6b-2t3.nib
copying file ./Base.lproj/LaunchScreen.storyboardc/Info.plist ... 
258 bytes for ./Base.lproj/LaunchScreen.storyboardc/Info.plist
copying file ./Base.lproj/LaunchScreen.storyboardc/UIViewController-01J-lp-oVM.nib ... 
832 bytes for ./Base.lproj/LaunchScreen.storyboardc/UIViewController-01J-lp-oVM.nib
copying file ./Base.lproj/Main.storyboardc/BYZ-38-t0r-view-8bC-Xf-vdC.nib ... 
1987 bytes for ./Base.lproj/Main.storyboardc/BYZ-38-t0r-view-8bC-Xf-vdC.nib
copying file ./Base.lproj/Main.storyboardc/Info.plist ... 
258 bytes for ./Base.lproj/Main.storyboardc/Info.plist
copying file ./Base.lproj/Main.storyboardc/UIViewController-BYZ-38-t0r.nib ... 
916 bytes for ./Base.lproj/Main.storyboardc/UIViewController-BYZ-38-t0r.nib
copying file ./embedded.mobileprovision ... 
12333 bytes for ./embedded.mobileprovision
copying file ./HuiShengHuo2.0 ... 
2018-01-13 23:00:42 +0000  35487664 bytes for ./HuiShengHuo2.0
copying file ./Info.plist ... 
2018-01-13 23:00:42 +0000  2072 bytes for ./Info.plist
copying file ./LaunchImage-1100-Portrait-2436h@3x.png ... 
592178 bytes for ./LaunchImage-1100-Portrait-2436h@3x.png
copying file ./LaunchImage-700-568h@2x.png ... 
197888 bytes for ./LaunchImage-700-568h@2x.png
copying file ./LaunchImage-700@2x.png ... 
187411 bytes for ./LaunchImage-700@2x.png
copying file ./LaunchImage-800-667h@2x.png ... 
248681 bytes for ./LaunchImage-800-667h@2x.png
copying file ./LaunchImage-800-Portrait-736h@3x.png ... 
494095 bytes for ./LaunchImage-800-Portrait-736h@3x.png
copying file ./MJRefresh.bundle/arrow@2x.png ... 
1033 bytes for ./MJRefresh.bundle/arrow@2x.png
copying file ./MJRefresh.bundle/en.lproj/Localizable.strings ... 
1372 bytes for ./MJRefresh.bundle/en.lproj/Localizable.strings
copying file ./MJRefresh.bundle/zh-Hans.lproj/Localizable.strings ... 
1194 bytes for ./MJRefresh.bundle/zh-Hans.lproj/Localizable.strings
copying file ./MJRefresh.bundle/zh-Hant.lproj/Localizable.strings ... 
773 bytes for ./MJRefresh.bundle/zh-Hant.lproj/Localizable.strings
copying file ./PkgInfo ... 
8 bytes for ./PkgInfo
copying file ./README.txt ... 
2548 bytes for ./README.txt
copying file ./wphoto_back@2x.png ... 
571 bytes for ./wphoto_back@2x.png
copying file ./wphoto_select_no@2x.png ... 
4073 bytes for ./wphoto_select_no@2x.png
copying file ./wphoto_select_yes@2x.png ... 
1435 bytes for ./wphoto_select_yes@2x.png
copying file ./协议.docx ... 
2018-01-13 23:00:43 +0000  
2018-01-13 23:00:43 +0000  23805 bytes for ./协议.docx
2018-01-13 23:00:43 +0000  /usr/bin/ditto exited with 0
2018-01-13 23:00:43 +0000  2018-01-13 23:00:43 +0000  

2018-01-13 23:00:43 +0000  Processing step: IDEDistributionEmbedProfileStep
2018-01-13 23:00:43 +0000  Processing step: IDEDistributionItemRemovalStep
2018-01-13 23:00:43 +0000  Processing step: IDEDistributionAppThinningPlistStep
2018-01-13 23:00:43 +0000  Skipping step: IDEDistributionAppThinningPlistStep because it said so
2018-01-13 23:00:43 +0000  Processing step: IDEDistributionCompileBitcodeStep
2018-01-13 23:00:43 +0000  Skipping step: IDEDistributionCompileBitcodeStep because it said so
2018-01-13 23:00:43 +0000  Processing step: IDEDistributionCodeSlimmingStep
2018-01-13 23:00:43 +0000  Processing step: IDEDistributionCopyBCSymbolMapsStep
2018-01-13 23:00:43 +0000  Running /usr/bin/ditto '-V' '/Users/jinzhonghuasheng/Library/Developer/Xcode/Archives/2018-01-14/HuiShengHuo2.0 2018-1-14 上午7.00.xcarchive/BCSymbolMaps/23D9AF64-D709-3122-8091-75FA2B19BAD6.bcsymbolmap' '/var/folders/9s/rqfvg2fd3jd2q0r93qpgw4yc0000gn/T/XcodeDistPipeline.DD8/Root/BCSymbolMaps/23D9AF64-D709-3122-8091-75FA2B19BAD6.bcsymbolmap'
2018-01-13 23:00:43 +0000  >>> Copying /Users/jinzhonghuasheng/Library/Developer/Xcode/Archives/2018-01-14/HuiShengHuo2.0 2018-1-14 上午7.00.xcarchive/BCSymbolMaps/23D9AF64-D709-3122-8091-75FA2B19BAD6.bcsymbolmap 
2018-01-13 23:00:43 +0000  copying file ./23D9AF64-D709-3122-8091-75FA2B19BAD6.bcsymbolmap ... 
2018-01-13 23:00:43 +0000  686521 bytes for ./23D9AF64-D709-3122-8091-75FA2B19BAD6.bcsymbolmap
2018-01-13 23:00:43 +0000  2018-01-13 23:00:43 +0000  /usr/bin/ditto exited with 0

2018-01-13 23:00:43 +0000  2018-01-13 23:00:43 +0000  

2018-01-13 23:00:43 +0000  Running /usr/bin/ditto '-V' '/Users/jinzhonghuasheng/Library/Developer/Xcode/Archives/2018-01-14/HuiShengHuo2.0 2018-1-14 上午7.00.xcarchive/BCSymbolMaps/FDB10AEE-0487-3B3B-BD28-D960176D19C7.bcsymbolmap' '/var/folders/9s/rqfvg2fd3jd2q0r93qpgw4yc0000gn/T/XcodeDistPipeline.DD8/Root/BCSymbolMaps/FDB10AEE-0487-3B3B-BD28-D960176D19C7.bcsymbolmap'
2018-01-13 23:00:43 +0000  >>> Copying /Users/jinzhonghuasheng/Library/Developer/Xcode/Archives/2018-01-14/HuiShengHuo2.0 2018-1-14 上午7.00.xcarchive/BCSymbolMaps/FDB10AEE-0487-3B3B-BD28-D960176D19C7.bcsymbolmap 
2018-01-13 23:00:43 +0000  copying file ./FDB10AEE-0487-3B3B-BD28-D960176D19C7.bcsymbolmap ... 
2018-01-13 23:00:43 +0000  686972 bytes for ./FDB10AEE-0487-3B3B-BD28-D960176D19C7.bcsymbolmap
2018-01-13 23:00:43 +0000  2018-01-13 23:00:43 +0000  /usr/bin/ditto exited with 0

2018-01-13 23:00:43 +0000  2018-01-13 23:00:43 +0000  

2018-01-13 23:00:43 +0000  Processing step: IDEDistributionSymbolsStep
2018-01-13 23:00:43 +0000  Excluding symbols for HuiShengHuo2.0.app
2018-01-13 23:00:43 +0000  Processing step: IDEDistributionCopyAppleProvidedContentStep
2018-01-13 23:00:43 +0000  Processing step: IDEDistributionAppThinningStep
2018-01-13 23:00:43 +0000  Skipping step: IDEDistributionAppThinningStep because it said so
2018-01-13 23:00:43 +0000  Processing step: IDEDistributionODRStep
2018-01-13 23:00:43 +0000  Processing step: IDEDistributionStripXattrsStep
2018-01-13 23:00:43 +0000  Running /usr/bin/xattr '-crs' '/var/folders/9s/rqfvg2fd3jd2q0r93qpgw4yc0000gn/T/XcodeDistPipeline.DD8/Root/Payload/HuiShengHuo2.0.app'
2018-01-13 23:00:44 +0000  
2018-01-13 23:00:44 +0000  
2018-01-13 23:00:44 +0000  /usr/bin/xattr exited with 02018-01-13 23:00:44 +0000  

2018-01-13 23:00:44 +0000  2018-01-13 23:00:44 +0000  Processing step: IDEDistributionCodesignStep

2018-01-13 23:00:44 +0000  Applying entitlements delta for <IDEDistributionItem: 0x7ff5605e2fe0 'com.huishenghuo.app000' '<DVTFilePath:0x7ff54a341210:'/Users/jinzhonghuasheng/Library/Developer/Xcode/Archives/2018-01-14/HuiShengHuo2.0 2018-1-14 上午7.00.xcarchive/Products/Applications/HuiShengHuo2.0.app'>'> from <IDEiCloudEntitlementsProcessor: 0x7ff56f290fa0>: {
}
2018-01-13 23:00:44 +0000  Entitlements for <IDEDistributionItem: 0x7ff5605e2fe0 'com.huishenghuo.app000' '<DVTFilePath:0x7ff54a341210:'/Users/jinzhonghuasheng/Library/Developer/Xcode/Archives/2018-01-14/HuiShengHuo2.0 2018-1-14 上午7.00.xcarchive/Products/Applications/HuiShengHuo2.0.app'>'>: {
    "application-identifier" = "8YFLG57N86.com.huishenghuo.app000";
    "beta-reports-active" = 1;
    "com.apple.developer.associated-domains" =     (
        "applinks:s6lwfk.mlinks.cc"
    );
    "com.apple.developer.team-identifier" = 8YFLG57N86;
    "get-task-allow" = 0;
}
2018-01-13 23:00:44 +0000  Writing entitlements for <IDEDistributionItem: 0x7ff5605e2fe0 'com.huishenghuo.app000' '<DVTFilePath:0x7ff54a341210:'/Users/jinzhonghuasheng/Library/Developer/Xcode/Archives/2018-01-14/HuiShengHuo2.0 2018-1-14 上午7.00.xcarchive/Products/Applications/HuiShengHuo2.0.app'>'> to: /var/folders/9s/rqfvg2fd3jd2q0r93qpgw4yc0000gn/T/XcodeDistPipeline.DD8/entitlementsSnFDf7
2018-01-13 23:00:44 +0000  Running /usr/bin/codesign '-vvv' '--force' '--sign' '7644A63DA6FC88756CA3513E86BFC5E5F8672E8B' '--preserve-metadata=identifier,flags' '--entitlements' '/var/folders/9s/rqfvg2fd3jd2q0r93qpgw4yc0000gn/T/XcodeDistPipeline.DD8/entitlementsSnFDf7' '/var/folders/9s/rqfvg2fd3jd2q0r93qpgw4yc0000gn/T/XcodeDistPipeline.DD8/Root/Payload/HuiShengHuo2.0.app'
2018-01-13 23:00:45 +0000  /var/folders/9s/rqfvg2fd3jd2q0r93qpgw4yc0000gn/T/XcodeDistPipeline.DD8/Root/Payload/HuiShengHuo2.0.app: signed app bundle with Mach-O universal (armv7 arm64) [com.huishenghuo.app000]
2018-01-13 23:00:45 +0000  
2018-01-13 23:00:45 +0000  
2018-01-13 23:00:45 +0000  
2018-01-13 23:00:45 +0000  /usr/bin/codesign exited with 02018-01-13 23:00:45 +0000  

2018-01-13 23:00:45 +0000  2018-01-13 23:00:45 +0000  Processing step: IDEDistributionStreamingZipItemStep

2018-01-13 23:00:45 +0000  Skipping step: IDEDistributionStreamingZipItemStep because it said so
2018-01-13 23:00:45 +0000  Processing step: IDEDistributionCreateIPAStep
2018-01-13 23:00:45 +0000  Running /usr/bin/ditto '-V' '-c' '-k' '--norsrc' '/var/folders/9s/rqfvg2fd3jd2q0r93qpgw4yc0000gn/T/XcodeDistPipeline.DD8/Root' '/var/folders/9s/rqfvg2fd3jd2q0r93qpgw4yc0000gn/T/XcodeDistPipeline.DD8/Packages/HuiShengHuo2.0.ipa'
2018-01-13 23:00:45 +0000  >>> Copying /var/folders/9s/rqfvg2fd3jd2q0r93qpgw4yc0000gn/T/XcodeDistPipeline.DD8/Root 
2018-01-13 23:00:45 +0000  copying file ./BCSymbolMaps/23D9AF64-D709-3122-8091-75FA2B19BAD6.bcsymbolmap ... 
2018-01-13 23:00:45 +0000  686521 bytes for ./BCSymbolMaps/23D9AF64-D709-3122-8091-75FA2B19BAD6.bcsymbolmap
copying file ./BCSymbolMaps/FDB10AEE-0487-3B3B-BD28-D960176D19C7.bcsymbolmap ... 
2018-01-13 23:00:45 +0000  686972 bytes for ./BCSymbolMaps/FDB10AEE-0487-3B3B-BD28-D960176D19C7.bcsymbolmap
2018-01-13 23:00:45 +0000  copying file ./Payload/HuiShengHuo2.0.app/_CodeSignature/CodeResources ... 
2018-01-13 23:00:45 +0000  12678 bytes for ./Payload/HuiShengHuo2.0.app/_CodeSignature/CodeResources
copying file ./Payload/HuiShengHuo2.0.app/AlipaySDK.bundle/bar@2x.png ... 
1011 bytes for ./Payload/HuiShengHuo2.0.app/AlipaySDK.bundle/bar@2x.png
copying file ./Payload/HuiShengHuo2.0.app/AlipaySDK.bundle/refresh@2x.png ... 
2018-01-13 23:00:45 +0000  605 bytes for ./Payload/HuiShengHuo2.0.app/AlipaySDK.bundle/refresh@2x.png
copying file ./Payload/HuiShengHuo2.0.app/AlipaySDK.bundle/refresh_click@2x.png ... 
1824 bytes for ./Payload/HuiShengHuo2.0.app/AlipaySDK.bundle/refresh_click@2x.png
copying file ./Payload/HuiShengHuo2.0.app/AlipaySDK.bundle/shutdown@2x.png ... 
222 bytes for ./Payload/HuiShengHuo2.0.app/AlipaySDK.bundle/shutdown@2x.png
copying file ./Payload/HuiShengHuo2.0.app/AlipaySDK.bundle/shutdown_click@2x.png ... 
2018-01-13 23:00:45 +0000  1319 bytes for ./Payload/HuiShengHuo2.0.app/AlipaySDK.bundle/shutdown_click@2x.png
copying file ./Payload/HuiShengHuo2.0.app/AppIcon40x40@2x.png ... 
5988 bytes for ./Payload/HuiShengHuo2.0.app/AppIcon40x40@2x.png
copying file ./Payload/HuiShengHuo2.0.app/AppIcon40x40@3x.png ... 
2018-01-13 23:00:45 +0000  7260 bytes for ./Payload/HuiShengHuo2.0.app/AppIcon40x40@3x.png
copying file ./Payload/HuiShengHuo2.0.app/AppIcon60x60@2x.png ... 
2018-01-13 23:00:45 +0000  7260 bytes for ./Payload/HuiShengHuo2.0.app/AppIcon60x60@2x.png
copying file ./Payload/HuiShengHuo2.0.app/archived-expanded-entitlements.xcent ... 
303 bytes for ./Payload/HuiShengHuo2.0.app/archived-expanded-entitlements.xcent
copying file ./Payload/HuiShengHuo2.0.app/Assets.car ... 
2018-01-13 23:00:45 +0000  2573000 bytes for ./Payload/HuiShengHuo2.0.app/Assets.car
2018-01-13 23:00:45 +0000  copying file ./Payload/HuiShengHuo2.0.app/Base.lproj/LaunchScreen.storyboardc/01J-lp-oVM-view-Ze5-6b-2t3.nib ... 
1984 bytes for ./Payload/HuiShengHuo2.0.app/Base.lproj/LaunchScreen.storyboardc/01J-lp-oVM-view-Ze5-6b-2t3.nib
copying file ./Payload/HuiShengHuo2.0.app/Base.lproj/LaunchScreen.storyboardc/Info.plist ... 
258 bytes for ./Payload/HuiShengHuo2.0.app/Base.lproj/LaunchScreen.storyboardc/Info.plist
copying file ./Payload/HuiShengHuo2.0.app/Base.lproj/LaunchScreen.storyboardc/UIViewController-01J-lp-oVM.nib ... 
832 bytes for ./Payload/HuiShengHuo2.0.app/Base.lproj/LaunchScreen.storyboardc/UIViewController-01J-lp-oVM.nib
2018-01-13 23:00:45 +0000  copying file ./Payload/HuiShengHuo2.0.app/Base.lproj/Main.storyboardc/BYZ-38-t0r-view-8bC-Xf-vdC.nib ... 
1987 bytes for ./Payload/HuiShengHuo2.0.app/Base.lproj/Main.storyboardc/BYZ-38-t0r-view-8bC-Xf-vdC.nib
copying file ./Payload/HuiShengHuo2.0.app/Base.lproj/Main.storyboardc/Info.plist ... 
258 bytes for ./Payload/HuiShengHuo2.0.app/Base.lproj/Main.storyboardc/Info.plist
copying file ./Payload/HuiShengHuo2.0.app/Base.lproj/Main.storyboardc/UIViewController-BYZ-38-t0r.nib ... 
2018-01-13 23:00:45 +0000  916 bytes for ./Payload/HuiShengHuo2.0.app/Base.lproj/Main.storyboardc/UIViewController-BYZ-38-t0r.nib
copying file ./Payload/HuiShengHuo2.0.app/embedded.mobileprovision ... 
2018-01-13 23:00:45 +0000  11817 bytes for ./Payload/HuiShengHuo2.0.app/embedded.mobileprovision
copying file ./Payload/HuiShengHuo2.0.app/HuiShengHuo2.0 ... 
2018-01-13 23:00:46 +0000  28560592 bytes for ./Payload/HuiShengHuo2.0.app/HuiShengHuo2.0
copying file ./Payload/HuiShengHuo2.0.app/Info.plist ... 
2018-01-13 23:00:46 +0000  2072 bytes for ./Payload/HuiShengHuo2.0.app/Info.plist
copying file ./Payload/HuiShengHuo2.0.app/LaunchImage-1100-Portrait-2436h@3x.png ... 
2018-01-13 23:00:46 +0000  592178 bytes for ./Payload/HuiShengHuo2.0.app/LaunchImage-1100-Portrait-2436h@3x.png
copying file ./Payload/HuiShengHuo2.0.app/LaunchImage-700-568h@2x.png ... 
2018-01-13 23:00:46 +0000  197888 bytes for ./Payload/HuiShengHuo2.0.app/LaunchImage-700-568h@2x.png
copying file ./Payload/HuiShengHuo2.0.app/LaunchImage-700@2x.png ... 
2018-01-13 23:00:46 +0000  187411 bytes for ./Payload/HuiShengHuo2.0.app/LaunchImage-700@2x.png
copying file ./Payload/HuiShengHuo2.0.app/LaunchImage-800-667h@2x.png ... 
2018-01-13 23:00:46 +0000  248681 bytes for ./Payload/HuiShengHuo2.0.app/LaunchImage-800-667h@2x.png
copying file ./Payload/HuiShengHuo2.0.app/LaunchImage-800-Portrait-736h@3x.png ... 
2018-01-13 23:00:46 +0000  494095 bytes for ./Payload/HuiShengHuo2.0.app/LaunchImage-800-Portrait-736h@3x.png
2018-01-13 23:00:46 +0000  copying file ./Payload/HuiShengHuo2.0.app/MJRefresh.bundle/arrow@2x.png ... 
1033 bytes for ./Payload/HuiShengHuo2.0.app/MJRefresh.bundle/arrow@2x.png
copying file ./Payload/HuiShengHuo2.0.app/MJRefresh.bundle/en.lproj/Localizable.strings ... 
1372 bytes for ./Payload/HuiShengHuo2.0.app/MJRefresh.bundle/en.lproj/Localizable.strings
copying file ./Payload/HuiShengHuo2.0.app/MJRefresh.bundle/zh-Hans.lproj/Localizable.strings ... 
1194 bytes for ./Payload/HuiShengHuo2.0.app/MJRefresh.bundle/zh-Hans.lproj/Localizable.strings
copying file ./Payload/HuiShengHuo2.0.app/MJRefresh.bundle/zh-Hant.lproj/Localizable.strings ... 
773 bytes for ./Payload/HuiShengHuo2.0.app/MJRefresh.bundle/zh-Hant.lproj/Localizable.strings
copying file ./Payload/HuiShengHuo2.0.app/PkgInfo ... 
8 bytes for ./Payload/HuiShengHuo2.0.app/PkgInfo
copying file ./Payload/HuiShengHuo2.0.app/README.txt ... 
2548 bytes for ./Payload/HuiShengHuo2.0.app/README.txt
copying file ./Payload/HuiShengHuo2.0.app/wphoto_back@2x.png ... 
571 bytes for ./Payload/HuiShengHuo2.0.app/wphoto_back@2x.png
copying file ./Payload/HuiShengHuo2.0.app/wphoto_select_no@2x.png ... 
4073 bytes for ./Payload/HuiShengHuo2.0.app/wphoto_select_no@2x.png
copying file ./Payload/HuiShengHuo2.0.app/wphoto_select_yes@2x.png ... 
1435 bytes for ./Payload/HuiShengHuo2.0.app/wphoto_select_yes@2x.png
copying file ./Payload/HuiShengHuo2.0.app/协议.docx ... 
2018-01-13 23:00:46 +0000  23805 bytes for ./Payload/HuiShengHuo2.0.app/协议.docx
2018-01-13 23:00:46 +0000  2018-01-13 23:00:46 +0000  /usr/bin/ditto exited with 0

2018-01-13 23:00:46 +0000  2018-01-13 23:00:46 +0000  

2018-01-13 23:00:46 +0000  Processing step: IDEDistributionCreateManifestStep
2018-01-13 23:00:46 +0000  Skipping step: IDEDistributionCreateManifestStep because it said so
